<?xml version="1.0" encoding="UTF-8"?>
<testng-results ignored="0" total="1" passed="1" failed="0" skipped="0">
  <reporter-output>
  </reporter-output>
  <suite started-at="2022-07-05T22:17:23 CDT" name="Default suite" finished-at="2022-07-05T22:17:25 CDT" duration-ms="2601">
    <groups>
    </groups>
    <test started-at="2022-07-05T22:17:23 CDT" name="Default test" finished-at="2022-07-05T22:17:25 CDT" duration-ms="2601">
      <class name="tests.CrearUsuario_Steps">
        <test-method is-config="true" signature="setUp()[pri:0, instance:tests.CrearUsuario_Steps@c88a337]" started-at="2022-07-05T22:17:23 CDT" name="setUp" finished-at="2022-07-05T22:17:25 CDT" duration-ms="2273" status="PASS">
          <reporter-output>
          </reporter-output>
        </test-method> <!-- setUp -->
        <test-method signature="signUpUser(java.lang.String,java.lang.String)[pri:0, instance:tests.CrearUsuario_Steps@c88a337]" started-at="2022-07-05T22:17:25 CDT" name="signUpUser" data-provider="authenticationData" finished-at="2022-07-05T22:17:25 CDT" duration-ms="109" status="PASS">
          <params>
            <param index="0">
              <value>
                <![CDATA[testUser]]>
              </value>
            </param>
            <param index="1">
              <value>
                <![CDATA[testpassword]]>
              </value>
            </param>
          </params>
          <reporter-output>
          </reporter-output>
        </test-method> <!-- signUpUser -->
        <test-method is-config="true" signature="tearDown()[pri:0, instance:tests.CrearUsuario_Steps@c88a337]" started-at="2022-07-05T22:17:25 CDT" name="tearDown" finished-at="2022-07-05T22:17:25 CDT" duration-ms="201" status="PASS">
          <reporter-output>
          </reporter-output>
        </test-method> <!-- tearDown -->
      </class> <!-- tests.CrearUsuario_Steps -->
    </test> <!-- Default test -->
  </suite> <!-- Default suite -->
</testng-results>
